<?xml version="1.0" encoding="UTF-8"?>
<!-- Generated by org.testng.reporters.JUnitXMLReporter -->
<testsuite ignored="0" hostname="PREMKUMAR" failures="1" tests="1" name="Page title validation" time="9.6" errors="0" timestamp="2022-01-05T06:51:11 EST">
  <testcase classname="Framework_GroupID.BuildFramework.validateTitle" name="validateHomepageTitle" time="0.08">
    <failure type="java.lang.AssertionError" message="expected [1Peakbagger.com Home Page] but found [Peakbagger.com Home Page]">
      <![CDATA[java.lang.AssertionError: expected [1Peakbagger.com Home Page] but found [Peakbagger.com Home Page]
at Framework_GroupID.BuildFramework.validateTitle.validateHomepageTitle(validateTitle.java:41)
at java.base/java.util.ArrayList.forEach(ArrayList.java:1511)
at java.base/java.util.concurrent.FutureTask.run(FutureTask.java:264)
at java.base/java.util.concurrent.ThreadPoolExecutor.runWorker(ThreadPoolExecutor.java:1136)
at java.base/java.util.concurrent.ThreadPoolExecutor$Worker.run(ThreadPoolExecutor.java:635)
at java.base/java.lang.Thread.run(Thread.java:833)
... Removed 24 stack frames]]>
    </failure>
  </testcase> <!-- validateHomepageTitle -->
</testsuite> <!-- Page title validation -->
