<?xml version="1.0" encoding="UTF-8"?>
<!-- Generated by org.testng.reporters.JUnitXMLReporter -->
<testsuite ignored="0" hostname="PREMKUMAR" failures="0" tests="3" name="Test" time="10.138" errors="0" timestamp="2022-01-04T07:25:59 EST">
  <testcase classname="Framework_GroupID.BuildFramework.HomePage" name="homePageNavigation" time="0.677"/>
  <testcase classname="Framework_GroupID.BuildFramework.validateTitle" name="validateHomepageTitle" time="0.018"/>
  <testcase classname="Framework_GroupID.BuildFramework.navigationBarValidate" name="navigationMenuValidate" time="0.169"/>
</testsuite> <!-- Test -->
