<?xml version="1.0" encoding="UTF-8"?>
<!-- Generated by org.testng.reporters.JUnitXMLReporter -->
<testsuite ignored="0" hostname="PREMKUMAR" failures="0" tests="3" name="Test" time="23.132" errors="0" timestamp="2022-01-04T07:34:27 EST">
  <testcase classname="Framework_GroupID.BuildFramework.HomePage" name="homePageNavigation" time="0.655"/>
  <testcase classname="Framework_GroupID.BuildFramework.validateTitle" name="validateHomepageTitle" time="0.025"/>
  <testcase classname="Framework_GroupID.BuildFramework.navigationBarValidate" name="navigationMenuValidate" time="0.156"/>
</testsuite> <!-- Test -->
