<?xml version="1.0" encoding="UTF-8"?>
<testng-results ignored="0" total="3" passed="3" failed="0" skipped="0">
  <reporter-output>
  </reporter-output>
  <suite started-at="2022-01-04T09:07:02 EST" name="Suite" finished-at="2022-01-04T09:07:11 EST" duration-ms="8880">
    <groups>
    </groups>
    <test started-at="2022-01-04T09:07:02 EST" name="Navigation bar validation" finished-at="2022-01-04T09:07:07 EST" duration-ms="4781">
      <class name="Framework_GroupID.BuildFramework.navigationBarValidate">
        <test-method is-config="true" signature="intialize()[pri:0, instance:Framework_GroupID.BuildFramework.navigationBarValidate@125290e5]" started-at="2022-01-04T09:07:02 EST" name="intialize" finished-at="2022-01-04T09:07:06 EST" duration-ms="4255" status="PASS">
          <reporter-output>
          </reporter-output>
        </test-method> <!-- intialize -->
        <test-method signature="navigationMenuValidate()[pri:0, instance:Framework_GroupID.BuildFramework.navigationBarValidate@125290e5]" started-at="2022-01-04T09:07:06 EST" name="navigationMenuValidate" finished-at="2022-01-04T09:07:06 EST" duration-ms="329" status="PASS">
          <reporter-output>
          </reporter-output>
        </test-method> <!-- navigationMenuValidate -->
        <test-method is-config="true" signature="tearDown()[pri:0, instance:Framework_GroupID.BuildFramework.navigationBarValidate@125290e5]" started-at="2022-01-04T09:07:06 EST" name="tearDown" finished-at="2022-01-04T09:07:07 EST" duration-ms="167" status="PASS">
          <reporter-output>
          </reporter-output>
        </test-method> <!-- tearDown -->
      </class> <!-- Framework_GroupID.BuildFramework.navigationBarValidate -->
    </test> <!-- Navigation bar validation -->
    <test started-at="2022-01-04T09:07:02 EST" name="Homepage Validation" finished-at="2022-01-04T09:07:07 EST" duration-ms="5225">
      <class name="Framework_GroupID.BuildFramework.HomePage">
        <test-method is-config="true" signature="intialize()[pri:0, instance:Framework_GroupID.BuildFramework.HomePage@53b7f657]" started-at="2022-01-04T09:07:02 EST" name="intialize" finished-at="2022-01-04T09:07:06 EST" duration-ms="4308" status="PASS">
          <reporter-output>
          </reporter-output>
        </test-method> <!-- intialize -->
        <test-method signature="homePageNavigation(java.lang.String,java.lang.String)[pri:0, instance:Framework_GroupID.BuildFramework.HomePage@53b7f657]" started-at="2022-01-04T09:07:06 EST" name="homePageNavigation" data-provider="getData" finished-at="2022-01-04T09:07:07 EST" duration-ms="827" status="PASS">
          <params>
            <param index="0">
              <value>
                <![CDATA[premkumar.h@gmail.com]]>
              </value>
            </param>
            <param index="1">
              <value>
                <![CDATA[Passw0rd]]>
              </value>
            </param>
          </params>
          <reporter-output>
          </reporter-output>
        </test-method> <!-- homePageNavigation -->
        <test-method is-config="true" signature="tearDown()[pri:0, instance:Framework_GroupID.BuildFramework.HomePage@53b7f657]" started-at="2022-01-04T09:07:07 EST" name="tearDown" finished-at="2022-01-04T09:07:07 EST" duration-ms="83" status="PASS">
          <reporter-output>
          </reporter-output>
        </test-method> <!-- tearDown -->
      </class> <!-- Framework_GroupID.BuildFramework.HomePage -->
    </test> <!-- Homepage Validation -->
    <test started-at="2022-01-04T09:07:02 EST" name="Page title validation" finished-at="2022-01-04T09:07:11 EST" duration-ms="8880">
      <class name="Framework_GroupID.BuildFramework.validateTitle">
        <test-method is-config="true" signature="intialize()[pri:0, instance:Framework_GroupID.BuildFramework.validateTitle@46271dd6]" started-at="2022-01-04T09:07:02 EST" name="intialize" finished-at="2022-01-04T09:07:06 EST" duration-ms="4678" status="PASS">
          <reporter-output>
          </reporter-output>
        </test-method> <!-- intialize -->
        <test-method signature="validateHomepageTitle()[pri:0, instance:Framework_GroupID.BuildFramework.validateTitle@46271dd6]" started-at="2022-01-04T09:07:06 EST" name="validateHomepageTitle" finished-at="2022-01-04T09:07:06 EST" duration-ms="29" status="PASS">
          <reporter-output>
          </reporter-output>
        </test-method> <!-- validateHomepageTitle -->
        <test-method is-config="true" signature="tearDown()[pri:0, instance:Framework_GroupID.BuildFramework.validateTitle@46271dd6]" started-at="2022-01-04T09:07:06 EST" name="tearDown" finished-at="2022-01-04T09:07:11 EST" duration-ms="4169" status="PASS">
          <reporter-output>
          </reporter-output>
        </test-method> <!-- tearDown -->
      </class> <!-- Framework_GroupID.BuildFramework.validateTitle -->
    </test> <!-- Page title validation -->
  </suite> <!-- Suite -->
</testng-results>
